-------------------------------------------------------------------------------
Test set: com.arjuncodes.studentsystem.StudentsystemApplicationTests
-------------------------------------------------------------------------------
Tests run: 1, Failures: 0, Errors: 1, Skipped: 0, Time elapsed: 0.956 s <<< FAILURE! - in com.arjuncodes.studentsystem.StudentsystemApplicationTests
com.arjuncodes.studentsystem.StudentsystemApplicationTests  Time elapsed: 0.952 s  <<< ERROR!
java.lang.IllegalStateException: Unable to find a @SpringBootConfiguration, you need to use @ContextConfiguration or @SpringBootTest(classes=...) with your test

